#
# A fatal error has been detected by the Java Runtime Environment:
#
#  SIGILL (0x4) at pc=0x00007fff4b34263f, pid=17597, tid=0x0000000000000307
#
# JRE version: Java(TM) SE Runtime Environment (8.0_162-b12) (build 1.8.0_162-b12)
# Java VM: Java HotSpot(TM) 64-Bit Server VM (25.162-b12 mixed mode bsd-amd64 compressed oops)
# Problematic frame:
# C  [CoreFoundation+0xa63f]  CFRelease+0x6d
#
# Failed to write core dump. Core dumps have been disabled. To enable core dumping, try "ulimit -c unlimited" before starting Java again
#
# If you would like to submit a bug report, please visit:
#   http://bugreport.java.com/bugreport/crash.jsp
#

---------------  T H R E A D  ---------------

Current thread is native thread

siginfo: si_signo: 4 (SIGILL), si_code: 1 (ILL_ILLOPC), si_addr: 0x00007fff4b34263f

Registers:
RAX=0x00007fff4b6c242f, RBX=0x0000000000000001, RCX=0x00000000000120a8, RDX=0x0000020000000200
RSP=0x00007ffeee304130, RBP=0x00007ffeee304130, RSI=0x00000000000120a8, RDI=0x0000000000000000
R8 =0x00000000000130a8, R9 =0x0000000000000000, R10=0x00007f81267fb450, R11=0x00007f81267fb448
R12=0x00007f812ec5ea90, R13=0x00007fffab1bd60c, R14=0x0000000000000000, R15=0x00007f812ec5eb48
RIP=0x00007fff4b34263f, EFLAGS=0x0000000000010246, ERR=0x0000000000000000
  TRAPNO=0x0000000000000006

Top of Stack: (sp=0x00007ffeee304130)
0x00007ffeee304130:   00007ffeee304240 00007fff4c9bd15c
0x00007ffeee304140:   00007ffeee3041d0 00007fff7880db54
0x00007ffeee304150:   00000022ee304240 00007f812ecfc080
0x00007ffeee304160:   00007f81ffffffff 00007f812ed07c70
0x00007ffeee304170:   0000000101915000 00007f812ec5e7a0
0x00007ffeee304180:   00007f812edfc09c 00007f812ec00000
0x00007ffeee304190:   000000010191a000 0000000000000030
0x00007ffeee3041a0:   00007f8114e00000 0000000000000007
0x00007ffeee3041b0:   00007ffeee304240 00007fff7880db54
0x00007ffeee3041c0:   0000000101913080 00007f8114efc080
0x00007ffeee3041d0:   00007ffe00000007 0000000000000006
0x00007ffeee3041e0:   0000000101913080 00007f8114e0aba0
0x00007ffeee3041f0:   0000000100000d80 00007f8114e00000
0x00007ffeee304200:   00007f8114e0ab70 00007f8114e0abd0
0x00007ffeee304210:   000000010191a000 00007f812ec5eef0
0x00007ffeee304220:   00007f812ec5ef58 00007fff4c9bd00a
0x00007ffeee304230:   00007f8114e08f40 0000000000000000
0x00007ffeee304240:   00007ffeee304280 00007fff4b441dc0
0x00007ffeee304250:   0000000102801400 00007f8114e08f40
0x00007ffeee304260:   0000000000000000 0000000000000000
0x00007ffeee304270:   0000000000000114 0000000102801480
0x00007ffeee304280:   00007ffeee3042a0 00007fff7860cd53
0x00007ffeee304290:   0000000102801400 0000000102801440
0x00007ffeee3042a0:   00007ffeee3042c0 00007fff7860ddcf
0x00007ffeee3042b0:   0000000102801400 0000000102801440
0x00007ffeee3042c0:   00007ffeee304350 00007fff78618f63
0x00007ffeee3042d0:   0000000000000000 0000000000000000
0x00007ffeee3042e0:   0000000000000000 0000000000000000
0x00007ffeee3042f0:   00007fffab1990c0 0000000000000000
0x00007ffeee304300:   0000000000000000 0000000102801700
0x00007ffeee304310:   0000000000000000 00000000000020ff
0x00007ffeee304320:   0000000000000000 00007f8126000130 

Instructions: (pc=0x00007fff4b34263f)
0x00007fff4b34261f:   e5 6b 87 58 48 23 02 48 39 c8 74 e5 5d e9 67 74
0x00007fff4b34262f:   19 00 48 8d 05 f7 fd 37 00 48 89 05 89 96 9b 58
0x00007fff4b34263f:   0f 0b 55 48 89 e5 48 83 ec 08 31 c0 41 b9 01 00
0x00007fff4b34264f:   00 00 50 6a ff 50 50 50 e8 d5 89 ff ff 48 83 c4 

Register to memory mapping:

RAX=0x00007fff4b6c242f: _XMLPlistAppendDataUsingBase64.__CFPLDataEncodeTable+0x1b0f in /System/Library/Frameworks/CoreFoundation.framework/Versions/A/CoreFoundation at 0x00007fff4b338000
RBX=0x0000000000000001 is an unknown value
RCX=0x00000000000120a8 is an unknown value
RDX=0x0000020000000200 is an unknown value
RSP=0x00007ffeee304130 is an unknown value
RBP=0x00007ffeee304130 is an unknown value
RSI=0x00000000000120a8 is an unknown value
RDI=0x0000000000000000 is an unknown value
R8 =0x00000000000130a8 is an unknown value
R9 =0x0000000000000000 is an unknown value
R10=0x00007f81267fb450 is an unknown value
R11=0x00007f81267fb448 is an unknown value
R12=0x00007f812ec5ea90 is an unknown value
R13=0x00007fffab1bd60c: mach_task_self_+0 in /usr/lib/system/libsystem_kernel.dylib at 0x00007fff78794000
R14=0x0000000000000000 is an unknown value
R15=0x00007f812ec5eb48 is an unknown value


Stack: [0x00007ffeedb0a000,0x00007ffeee30a000],  sp=0x00007ffeee304130,  free space=8168k
Native frames: (J=compiled Java code, j=interpreted, Vv=VM code, C=native code)
C  [CoreFoundation+0xa63f]  CFRelease+0x6d
C  [FSEvents+0x615c]  server_gone_StreamRef_callback+0x134
C  [CoreFoundation+0x109dc0]  ____CFMachPortChecker_block_invoke+0x45
C  [libdispatch.dylib+0x2d53]  _dispatch_call_block_and_release+0xc
C  [libdispatch.dylib+0x3dcf]  _dispatch_client_callout+0x8
C  [libdispatch.dylib+0xef63]  _dispatch_main_queue_callback_4CF+0x465
C  [CoreFoundation+0x3c241]  __CFRUNLOOP_IS_SERVICING_THE_MAIN_DISPATCH_QUEUE__+0x9
C  [CoreFoundation+0x3b953]  __CFRunLoopRun+0x92a
C  [CoreFoundation+0x3add6]  CFRunLoopRunSpecific+0x1d3
C  [java+0x6472]  CreateExecutionEnvironment+0x367
C  [java+0x207c]  JLI_Launch+0x7a0
C  [java+0x84cf]  main+0x65
C  [java+0x18d4]  start+0x34


---------------  P R O C E S S  ---------------

VM state:not at safepoint (normal execution)

VM Mutex/Monitor currently owned by a thread: None

Heap:
 PSYoungGen      total 731136K, used 535600K [0x000000076ab00000, 0x00000007a1f80000, 0x00000007c0000000)
  eden space 624128K, 68% used [0x000000076ab00000,0x0000000784db6308,0x0000000790c80000)
  from space 107008K, 99% used [0x0000000792800000,0x0000000799056050,0x0000000799080000)
  to   space 140800K, 0% used [0x0000000799600000,0x0000000799600000,0x00000007a1f80000)
 ParOldGen       total 373248K, used 219043K [0x00000006c0000000, 0x00000006d6c80000, 0x000000076ab00000)
  object space 373248K, 58% used [0x00000006c0000000,0x00000006cd5e8e18,0x00000006d6c80000)
 Metaspace       used 231729K, capacity 255815K, committed 256128K, reserved 1275904K
  class space    used 29048K, capacity 30491K, committed 30592K, reserved 1048576K

Card table byte_map: [0x0000000103d6e000,0x000000010456f000] byte_map_base: 0x000000010076e000

Marking Bits: (ParMarkBitMap*) 0x00000001032f76c0
 Begin Bits: [0x0000000114610000, 0x0000000118610000)
 End Bits:   [0x0000000118610000, 0x000000011c610000)

Polling page: 0x0000000101969000

CodeCache: size=245760Kb used=133484Kb max_used=133708Kb free=112275Kb
 bounds [0x0000000105610000, 0x000000010d990000, 0x0000000114610000]
 total_blobs=38665 nmethods=37943 adapters=631
 compilation: enabled

Compilation events (10 events):
Event: 357527,440 Thread 0x00007f812702c000 48756       4       scala.meta.internal.metals.StatusBar$Item::formattedMessage (337 bytes)
Event: 357527,622 Thread 0x00007f812702c000 nmethod 48756 0x000000010bb85a10 code [0x000000010bb85da0, 0x000000010bb87a18]
Event: 357599,444 Thread 0x00007f812703a000 48757       4       scala.meta.internal.metals.ConfiguredLanguageClient::metalsStatus (195 bytes)
Event: 357599,569 Thread 0x00007f812703a000 nmethod 48757 0x000000010bb85210 code [0x000000010bb853a0, 0x000000010bb856b8]
Event: 360895,357 Thread 0x00007f812702c000 48758 %     4       bloop.shaded.snailgun.protocol.Protocol::$anonfun$createHeartbeatAndShutdownThread$1 @ 2 (50 bytes)
Event: 360895,766 Thread 0x00007f812702c000 nmethod 48758% 0x000000010b3c9510 code [0x000000010b3c97a0, 0x000000010b3ca9f0]
Event: 362295,862 Thread 0x00007f812703a000 48759       4       bloop.shaded.snailgun.protocol.Protocol::$anonfun$createHeartbeatAndShutdownThread$1 (50 bytes)
Event: 362296,105 Thread 0x00007f812703a000 nmethod 48759 0x000000010b3c66d0 code [0x000000010b3c6960, 0x000000010b3c79b0]
Event: 362309,487 Thread 0x00007f812800a000 48760       4       java.util.concurrent.Semaphore::tryAcquire (14 bytes)
Event: 362309,512 Thread 0x00007f812800a000 nmethod 48760 0x0000000109c872d0 code [0x0000000109c874c0, 0x0000000109c87d10]

GC Heap History (10 events):
Event: 6655,334 GC heap before
{Heap before GC invocations=37 (full 6):
 PSYoungGen      total 862720K, used 824000K [0x000000076ab00000, 0x00000007a7980000, 0x00000007c0000000)
  eden space 745984K, 100% used [0x000000076ab00000,0x0000000798380000,0x0000000798380000)
  from space 116736K, 66% used [0x00000007a0780000,0x00000007a53b03a0,0x00000007a7980000)
  to   space 125952K, 0% used [0x0000000798380000,0x0000000798380000,0x000000079fe80000)
 ParOldGen       total 373248K, used 215107K [0x00000006c0000000, 0x00000006d6c80000, 0x000000076ab00000)
  object space 373248K, 57% used [0x00000006c0000000,0x00000006cd210de8,0x00000006d6c80000)
 Metaspace       used 230452K, capacity 254257K, committed 254464K, reserved 1273856K
  class space    used 28910K, capacity 30353K, committed 30464K, reserved 1048576K
Event: 6655,480 GC heap after
Heap after GC invocations=37 (full 6):
 PSYoungGen      total 871936K, used 94966K [0x000000076ab00000, 0x00000007ab100000, 0x00000007c0000000)
  eden space 745984K, 0% used [0x000000076ab00000,0x000000076ab00000,0x0000000798380000)
  from space 125952K, 75% used [0x0000000798380000,0x000000079e03db00,0x000000079fe80000)
  to   space 133120K, 0% used [0x00000007a2f00000,0x00000007a2f00000,0x00000007ab100000)
 ParOldGen       total 373248K, used 215115K [0x00000006c0000000, 0x00000006d6c80000, 0x000000076ab00000)
  object space 373248K, 57% used [0x00000006c0000000,0x00000006cd212de8,0x00000006d6c80000)
 Metaspace       used 230452K, capacity 254257K, committed 254464K, reserved 1273856K
  class space    used 28910K, capacity 30353K, committed 30464K, reserved 1048576K
}
Event: 8996,760 GC heap before
{Heap before GC invocations=38 (full 6):
 PSYoungGen      total 871936K, used 840950K [0x000000076ab00000, 0x00000007ab100000, 0x00000007c0000000)
  eden space 745984K, 100% used [0x000000076ab00000,0x0000000798380000,0x0000000798380000)
  from space 125952K, 75% used [0x0000000798380000,0x000000079e03db00,0x000000079fe80000)
  to   space 133120K, 0% used [0x00000007a2f00000,0x00000007a2f00000,0x00000007ab100000)
 ParOldGen       total 373248K, used 215115K [0x00000006c0000000, 0x00000006d6c80000, 0x000000076ab00000)
  object space 373248K, 57% used [0x00000006c0000000,0x00000006cd212de8,0x00000006d6c80000)
 Metaspace       used 230811K, capacity 254667K, committed 254976K, reserved 1273856K
  class space    used 28931K, capacity 30368K, committed 30464K, reserved 1048576K
Event: 8997,278 GC heap after
Heap after GC invocations=38 (full 6):
 PSYoungGen      total 803328K, used 89813K [0x000000076ab00000, 0x00000007a8700000, 0x00000007c0000000)
  eden space 713216K, 0% used [0x000000076ab00000,0x000000076ab00000,0x0000000796380000)
  from space 90112K, 99% used [0x00000007a2f00000,0x00000007a86b56c0,0x00000007a8700000)
  to   space 136192K, 0% used [0x0000000797d00000,0x0000000797d00000,0x00000007a0200000)
 ParOldGen       total 373248K, used 215123K [0x00000006c0000000, 0x00000006d6c80000, 0x000000076ab00000)
  object space 373248K, 57% used [0x00000006c0000000,0x00000006cd214de8,0x00000006d6c80000)
 Metaspace       used 230811K, capacity 254667K, committed 254976K, reserved 1273856K
  class space    used 28931K, capacity 30368K, committed 30464K, reserved 1048576K
}
Event: 165706,345 GC heap before
{Heap before GC invocations=39 (full 6):
 PSYoungGen      total 803328K, used 803029K [0x000000076ab00000, 0x00000007a8700000, 0x00000007c0000000)
  eden space 713216K, 100% used [0x000000076ab00000,0x0000000796380000,0x0000000796380000)
  from space 90112K, 99% used [0x00000007a2f00000,0x00000007a86b56c0,0x00000007a8700000)
  to   space 136192K, 0% used [0x0000000797d00000,0x0000000797d00000,0x00000007a0200000)
 ParOldGen       total 373248K, used 215123K [0x00000006c0000000, 0x00000006d6c80000, 0x000000076ab00000)
  object space 373248K, 57% used [0x00000006c0000000,0x00000006cd214de8,0x00000006d6c80000)
 Metaspace       used 230938K, capacity 254851K, committed 254976K, reserved 1273856K
  class space    used 28951K, capacity 30388K, committed 30464K, reserved 1048576K
Event: 165708,719 GC heap after
Heap after GC invocations=39 (full 6):
 PSYoungGen      total 749568K, used 67289K [0x000000076ab00000, 0x00000007a4300000, 0x00000007c0000000)
  eden space 681984K, 0% used [0x000000076ab00000,0x000000076ab00000,0x0000000794500000)
  from space 67584K, 99% used [0x0000000797d00000,0x000000079beb6488,0x000000079bf00000)
  to   space 130048K, 0% used [0x000000079c400000,0x000000079c400000,0x00000007a4300000)
 ParOldGen       total 373248K, used 215131K [0x00000006c0000000, 0x00000006d6c80000, 0x000000076ab00000)
  object space 373248K, 57% used [0x00000006c0000000,0x00000006cd216de8,0x00000006d6c80000)
 Metaspace       used 230938K, capacity 254851K, committed 254976K, reserved 1273856K
  class space    used 28951K, capacity 30388K, committed 30464K, reserved 1048576K
}
Event: 191304,110 GC heap before
{Heap before GC invocations=40 (full 6):
 PSYoungGen      total 749568K, used 749273K [0x000000076ab00000, 0x00000007a4300000, 0x00000007c0000000)
  eden space 681984K, 100% used [0x000000076ab00000,0x0000000794500000,0x0000000794500000)
  from space 67584K, 99% used [0x0000000797d00000,0x000000079beb6488,0x000000079bf00000)
  to   space 130048K, 0% used [0x000000079c400000,0x000000079c400000,0x00000007a4300000)
 ParOldGen       total 373248K, used 215131K [0x00000006c0000000, 0x00000006d6c80000, 0x000000076ab00000)
  object space 373248K, 57% used [0x00000006c0000000,0x00000006cd216de8,0x00000006d6c80000)
 Metaspace       used 231364K, capacity 255419K, committed 255488K, reserved 1273856K
  class space    used 29003K, capacity 30431K, committed 30464K, reserved 1048576K
Event: 191313,637 GC heap after
Heap after GC invocations=40 (full 6):
 PSYoungGen      total 757760K, used 90566K [0x000000076ab00000, 0x00000007a2b00000, 0x00000007c0000000)
  eden space 652288K, 0% used [0x000000076ab00000,0x000000076ab00000,0x0000000792800000)
  from space 105472K, 85% used [0x000000079c400000,0x00000007a1c71878,0x00000007a2b00000)
  to   space 132608K, 0% used [0x0000000792800000,0x0000000792800000,0x000000079a980000)
 ParOldGen       total 373248K, used 218267K [0x00000006c0000000, 0x00000006d6c80000, 0x000000076ab00000)
  object space 373248K, 58% used [0x00000006c0000000,0x00000006cd526e18,0x00000006d6c80000)
 Metaspace       used 231364K, capacity 255419K, committed 255488K, reserved 1273856K
  class space    used 29003K, capacity 30431K, committed 30464K, reserved 1048576K
}
Event: 348885,507 GC heap before
{Heap before GC invocations=41 (full 6):
 PSYoungGen      total 757760K, used 742854K [0x000000076ab00000, 0x00000007a2b00000, 0x00000007c0000000)
  eden space 652288K, 100% used [0x000000076ab00000,0x0000000792800000,0x0000000792800000)
  from space 105472K, 85% used [0x000000079c400000,0x00000007a1c71878,0x00000007a2b00000)
  to   space 132608K, 0% used [0x0000000792800000,0x0000000792800000,0x000000079a980000)
 ParOldGen       total 373248K, used 218267K [0x00000006c0000000, 0x00000006d6c80000, 0x000000076ab00000)
  object space 373248K, 58% used [0x00000006c0000000,0x00000006cd526e18,0x00000006d6c80000)
 Metaspace       used 231696K, capacity 255785K, committed 256128K, reserved 1275904K
  class space    used 29043K, capacity 30486K, committed 30592K, reserved 1048576K
Event: 348926,462 GC heap after
Heap after GC invocations=41 (full 6):
 PSYoungGen      total 731136K, used 106840K [0x000000076ab00000, 0x00000007a1f80000, 0x00000007c0000000)
  eden space 624128K, 0% used [0x000000076ab00000,0x000000076ab00000,0x0000000790c80000)
  from space 107008K, 99% used [0x0000000792800000,0x0000000799056050,0x0000000799080000)
  to   space 140800K, 0% used [0x0000000799600000,0x0000000799600000,0x00000007a1f80000)
 ParOldGen       total 373248K, used 219043K [0x00000006c0000000, 0x00000006d6c80000, 0x000000076ab00000)
  object space 373248K, 58% used [0x00000006c0000000,0x00000006cd5e8e18,0x00000006d6c80000)
 Metaspace       used 231696K, capacity 255785K, committed 256128K, reserved 1275904K
  class space    used 29043K, capacity 30486K, committed 30592K, reserved 1048576K
}

Deoptimization events (10 events):
Event: 348884,943 Thread 0x00007f8126d43000 Uncommon trap: reason=class_check action=maybe_recompile pc=0x000000010a0c5428 method=scala.meta.Ctor$Primary$CtorPrimaryImpl$$Lambda$2293/805044828.apply(Ljava/lang/Object;)Ljava/lang/Object; @ 5
Event: 348884,944 Thread 0x00007f8126d43000 Uncommon trap: reason=class_check action=maybe_recompile pc=0x000000010a0c5428 method=scala.meta.Ctor$Primary$CtorPrimaryImpl$$Lambda$2293/805044828.apply(Ljava/lang/Object;)Ljava/lang/Object; @ 5
Event: 348926,775 Thread 0x00007f8126d43000 Uncommon trap: reason=class_check action=maybe_recompile pc=0x000000010c237894 method=scala.meta.internal.parsers.ScalametaParser$PatternContextSensitive.$anonfun$compoundTypeRest$1(Lscala/meta/internal/parsers/ScalametaParser$PatternContextSensitive;Lsca
Event: 348926,778 Thread 0x00007f8126d43000 Uncommon trap: reason=class_check action=maybe_recompile pc=0x000000010c237894 method=scala.meta.internal.parsers.ScalametaParser$PatternContextSensitive.$anonfun$compoundTypeRest$1(Lscala/meta/internal/parsers/ScalametaParser$PatternContextSensitive;Lsca
Event: 352769,285 Thread 0x00007f811ce36000 Uncommon trap: reason=unstable_if action=reinterpret pc=0x0000000109919020 method=java.lang.CharacterDataLatin1.digit(II)I @ 60
Event: 352769,404 Thread 0x00007f811ce36000 Uncommon trap: reason=unloaded action=reinterpret pc=0x0000000107c70ae4 method=bloop.sockets.UnixDomainSocket$UnixDomainSocketOutputStream.doWrite(Ljava/nio/ByteBuffer;)V @ 103
Event: 352769,822 Thread 0x00007f8129191000 Uncommon trap: reason=unstable_if action=reinterpret pc=0x0000000107666254 method=java.lang.ref.SoftReference.get()Ljava/lang/Object; @ 6
Event: 352770,153 Thread 0x00007f8129191000 Uncommon trap: reason=unstable_if action=reinterpret pc=0x00000001070812fc method=java.lang.ref.SoftReference.get()Ljava/lang/Object; @ 6
Event: 352776,063 Thread 0x00007f81275b6800 Uncommon trap: reason=unstable_if action=reinterpret pc=0x0000000107215c94 method=java.lang.CharacterDataLatin1.digit(II)I @ 60
Event: 352776,072 Thread 0x00007f812e7ac000 Uncommon trap: reason=unstable_if action=reinterpret pc=0x000000010724e7d0 method=java.lang.CharacterDataLatin1.digit(II)I @ 60

Classes redefined (0 events):
No events

Internal exceptions (10 events):
Event: 352776,063 Thread 0x00007f81275b6800 Exception <a 'com/sun/jna/LastErrorException': [32] Broken pipe> (0x000000076d746c50) thrown at [/Users/java_re/workspace/8-2-build-macosx-x86_64/jdk8u162/10278/hotspot/src/share/vm/prims/jni.cpp, line 735]
Event: 352776,078 Thread 0x00007f812e7ac000 Exception <a 'com/sun/jna/LastErrorException': [32] Broken pipe> (0x000000076d769c60) thrown at [/Users/java_re/workspace/8-2-build-macosx-x86_64/jdk8u162/10278/hotspot/src/share/vm/prims/jni.cpp, line 735]
Event: 352776,161 Thread 0x00007f812b002000 Exception <a 'sun/nio/fs/UnixException'> (0x000000076d7d6ae0) thrown at [/Users/java_re/workspace/8-2-build-macosx-x86_64/jdk8u162/10278/hotspot/src/share/vm/prims/jni.cpp, line 709]
Event: 352776,173 Thread 0x00007f8131590800 Exception <a 'sun/nio/fs/UnixException'> (0x000000076d6b3f80) thrown at [/Users/java_re/workspace/8-2-build-macosx-x86_64/jdk8u162/10278/hotspot/src/share/vm/prims/jni.cpp, line 709]
Event: 352776,342 Thread 0x00007f81313d9800 Exception <a 'sun/nio/fs/UnixException'> (0x000000076d0e1848) thrown at [/Users/java_re/workspace/8-2-build-macosx-x86_64/jdk8u162/10278/hotspot/src/share/vm/prims/jni.cpp, line 709]
Event: 352776,349 Thread 0x00007f813229e800 Exception <a 'sun/nio/fs/UnixException'> (0x000000076cfc5e88) thrown at [/Users/java_re/workspace/8-2-build-macosx-x86_64/jdk8u162/10278/hotspot/src/share/vm/prims/jni.cpp, line 709]
Event: 352795,125 Thread 0x00007f8125497800 Exception <a 'java/lang/NullPointerException'> (0x000000076c4648d8) thrown at [/Users/java_re/workspace/8-2-build-macosx-x86_64/jdk8u162/10278/hotspot/src/share/vm/interpreter/linkResolver.cpp, line 1185]
Event: 424803,588 Thread 0x00007f812c082000 Exception <a 'java/io/IOException'> (0x0000000784265f30) thrown at [/Users/java_re/workspace/8-2-build-macosx-x86_64/jdk8u162/10278/hotspot/src/share/vm/prims/jni.cpp, line 709]
Event: 424803,588 Thread 0x00007f812c082000 Exception <a 'java/io/IOException'> (0x0000000784266198) thrown at [/Users/java_re/workspace/8-2-build-macosx-x86_64/jdk8u162/10278/hotspot/src/share/vm/prims/jni.cpp, line 709]
Event: 424803,588 Thread 0x00007f812c082000 Exception <a 'java/io/IOException'> (0x0000000784266400) thrown at [/Users/java_re/workspace/8-2-build-macosx-x86_64/jdk8u162/10278/hotspot/src/share/vm/prims/jni.cpp, line 709]

Events (10 events):
Event: 364274,737 Thread 0x00007f812d45c000 DEOPT PACKING pc=0x000000010d334f67 sp=0x000070001839e790
Event: 364274,746 Thread 0x00007f812d45c000 DEOPT UNPACKING pc=0x0000000105657784 sp=0x000070001839e590 mode 0
Event: 366344,471 Thread 0x00007f8131155000 DEOPT PACKING pc=0x000000010d334f67 sp=0x0000700017392790
Event: 366344,474 Thread 0x00007f8131155000 DEOPT UNPACKING pc=0x0000000105657784 sp=0x0000700017392590 mode 0
Event: 424803,620 Thread 0x00007f812bcac000 Thread added: 0x00007f812bcac000
Event: 424803,641 Executing VM operation: RevokeBias
Event: 424803,662 Thread 0x00007f811b02f000 Thread added: 0x00007f811b02f000
Event: 424803,697 Executing VM operation: RevokeBias done
Event: 424803,715 Executing VM operation: RevokeBias
Event: 424803,726 Executing VM operation: RevokeBias done


Dynamic libraries:
0x0000000020f02000 	/System/Library/Frameworks/Cocoa.framework/Versions/A/Cocoa
0x0000000020f02000 	/System/Library/Frameworks/Security.framework/Versions/A/Security
0x0000000020f02000 	/System/Library/Frameworks/ApplicationServices.framework/Versions/A/ApplicationServices
0x0000000020f02000 	/usr/lib/libz.1.dylib
0x0000000020f02000 	/usr/lib/libSystem.B.dylib
0x0000000020f02000 	/usr/lib/libobjc.A.dylib
0x0000000020f02000 	/System/Library/Frameworks/CoreFoundation.framework/Versions/A/CoreFoundation
0x0000000020f02000 	/System/Library/Frameworks/Foundation.framework/Versions/C/Foundation
0x0000000020f02000 	/System/Library/Frameworks/AppKit.framework/Versions/C/AppKit
0x0000000020f02000 	/System/Library/Frameworks/CoreData.framework/Versions/A/CoreData
0x0000000020f02000 	/System/Library/PrivateFrameworks/RemoteViewServices.framework/Versions/A/RemoteViewServices
0x0000000020f02000 	/System/Library/PrivateFrameworks/UIFoundation.framework/Versions/A/UIFoundation
0x0000000020f02000 	/System/Library/PrivateFrameworks/XCTTargetBootstrap.framework/Versions/A/XCTTargetBootstrap
0x0000000020f02000 	/System/Library/PrivateFrameworks/IconServices.framework/Versions/A/IconServices
0x0000000020f02000 	/System/Library/Frameworks/Metal.framework/Versions/A/Metal
0x0000000020f02000 	/System/Library/PrivateFrameworks/DesktopServicesPriv.framework/Versions/A/DesktopServicesPriv
0x0000000020f02000 	/usr/lib/libenergytrace.dylib
0x0000000020f02000 	/System/Library/PrivateFrameworks/SkyLight.framework/Versions/A/SkyLight
0x0000000020f02000 	/System/Library/Frameworks/CoreGraphics.framework/Versions/A/CoreGraphics
0x0000000020f02000 	/System/Library/Frameworks/Accelerate.framework/Versions/A/Accelerate
0x0000000020f02000 	/System/Library/Frameworks/IOSurface.framework/Versions/A/IOSurface
0x0000000020f02000 	/System/Library/PrivateFrameworks/DFRFoundation.framework/Versions/A/DFRFoundation
0x0000000020f02000 	/System/Library/Frameworks/AudioToolbox.framework/Versions/A/AudioToolbox
0x0000000020f02000 	/System/Library/Frameworks/AudioUnit.framework/Versions/A/AudioUnit
0x0000000020f02000 	/System/Library/PrivateFrameworks/DataDetectorsCore.framework/Versions/A/DataDetectorsCore
0x0000000020f02000 	/System/Library/Frameworks/Carbon.framework/Versions/A/Frameworks/HIToolbox.framework/Versions/A/HIToolbox
0x0000000020f02000 	/usr/lib/libicucore.A.dylib
0x0000000020f02000 	/System/Library/Frameworks/QuartzCore.framework/Versions/A/QuartzCore
0x0000000020f02000 	/System/Library/Frameworks/Carbon.framework/Versions/A/Frameworks/SpeechRecognition.framework/Versions/A/SpeechRecognition
0x0000000020f02000 	/usr/lib/libauto.dylib
0x0000000020f02000 	/usr/lib/libxml2.2.dylib
0x0000000020f02000 	/System/Library/PrivateFrameworks/CoreUI.framework/Versions/A/CoreUI
0x0000000020f02000 	/System/Library/Frameworks/CoreAudio.framework/Versions/A/CoreAudio
0x0000000020f02000 	/System/Library/Frameworks/DiskArbitration.framework/Versions/A/DiskArbitration
0x0000000020f02000 	/usr/lib/liblangid.dylib
0x0000000020f02000 	/System/Library/PrivateFrameworks/MultitouchSupport.framework/Versions/A/MultitouchSupport
0x0000000020f02000 	/System/Library/Frameworks/IOKit.framework/Versions/A/IOKit
0x0000000020f02000 	/usr/lib/libDiagnosticMessagesClient.dylib
0x0000000020f02000 	/System/Library/Frameworks/CoreServices.framework/Versions/A/CoreServices
0x0000000020f02000 	/System/Library/PrivateFrameworks/PerformanceAnalysis.framework/Versions/A/PerformanceAnalysis
0x0000000020f02000 	/System/Library/Frameworks/OpenGL.framework/Versions/A/OpenGL
0x0000000020f02000 	/System/Library/Frameworks/ColorSync.framework/Versions/A/ColorSync
0x0000000020f02000 	/System/Library/Frameworks/CoreImage.framework/Versions/A/CoreImage
0x0000000020f02000 	/System/Library/Frameworks/CoreText.framework/Versions/A/CoreText
0x0000000020f02000 	/System/Library/Frameworks/ImageIO.framework/Versions/A/ImageIO
0x0000000020f02000 	/System/Library/PrivateFrameworks/Backup.framework/Versions/A/Backup
0x0000000020f02000 	/usr/lib/libarchive.2.dylib
0x0000000020f02000 	/System/Library/Frameworks/CFNetwork.framework/Versions/A/CFNetwork
0x0000000020f02000 	/System/Library/Frameworks/SystemConfiguration.framework/Versions/A/SystemConfiguration
0x0000000020f02000 	/usr/lib/libCRFSuite.dylib
0x0000000020f02000 	/usr/lib/libc++.1.dylib
0x0000000020f02000 	/usr/lib/libc++abi.dylib
0x0000000020f02000 	/usr/lib/system/libcache.dylib
0x0000000020f02000 	/usr/lib/system/libcommonCrypto.dylib
0x0000000020f02000 	/usr/lib/system/libcompiler_rt.dylib
0x0000000020f02000 	/usr/lib/system/libcopyfile.dylib
0x0000000020f02000 	/usr/lib/system/libcorecrypto.dylib
0x0000000020f02000 	/usr/lib/system/libdispatch.dylib
0x0000000020f02000 	/usr/lib/system/libdyld.dylib
0x0000000020f02000 	/usr/lib/system/libkeymgr.dylib
0x0000000020f02000 	/usr/lib/system/liblaunch.dylib
0x0000000020f02000 	/usr/lib/system/libmacho.dylib
0x0000000020f02000 	/usr/lib/system/libquarantine.dylib
0x0000000020f02000 	/usr/lib/system/libremovefile.dylib
0x0000000020f02000 	/usr/lib/system/libsystem_asl.dylib
0x0000000020f02000 	/usr/lib/system/libsystem_blocks.dylib
0x0000000020f02000 	/usr/lib/system/libsystem_c.dylib
0x0000000020f02000 	/usr/lib/system/libsystem_configuration.dylib
0x0000000020f02000 	/usr/lib/system/libsystem_coreservices.dylib
0x0000000020f02000 	/usr/lib/system/libsystem_darwin.dylib
0x0000000020f02000 	/usr/lib/system/libsystem_dnssd.dylib
0x0000000020f02000 	/usr/lib/system/libsystem_info.dylib
0x0000000020f02000 	/usr/lib/system/libsystem_m.dylib
0x0000000020f02000 	/usr/lib/system/libsystem_malloc.dylib
0x0000000020f02000 	/usr/lib/system/libsystem_networkextension.dylib
0x0000000020f02000 	/usr/lib/system/libsystem_notify.dylib
0x0000000020f02000 	/usr/lib/system/libsystem_sandbox.dylib
0x0000000020f02000 	/usr/lib/system/libsystem_secinit.dylib
0x0000000020f02000 	/usr/lib/system/libsystem_kernel.dylib
0x0000000020f02000 	/usr/lib/system/libsystem_platform.dylib
0x0000000020f02000 	/usr/lib/system/libsystem_pthread.dylib
0x0000000020f02000 	/usr/lib/system/libsystem_symptoms.dylib
0x0000000020f02000 	/usr/lib/system/libsystem_trace.dylib
0x0000000020f02000 	/usr/lib/system/libunwind.dylib
0x0000000020f02000 	/usr/lib/system/libxpc.dylib
0x0000000020f02000 	/usr/lib/libbsm.0.dylib
0x0000000020f02000 	/usr/lib/system/libkxld.dylib
0x0000000020f02000 	/System/Library/PrivateFrameworks/AppleFSCompression.framework/Versions/A/AppleFSCompression
0x0000000020f02000 	/usr/lib/libOpenScriptingUtil.dylib
0x0000000020f02000 	/usr/lib/libcoretls.dylib
0x0000000020f02000 	/usr/lib/libcoretls_cfhelpers.dylib
0x0000000020f02000 	/usr/lib/libpam.2.dylib
0x0000000020f02000 	/usr/lib/libsqlite3.dylib
0x0000000020f02000 	/usr/lib/libxar.1.dylib
0x0000000020f02000 	/usr/lib/libbz2.1.0.dylib
0x0000000020f02000 	/usr/lib/liblzma.5.dylib
0x0000000020f02000 	/usr/lib/libnetwork.dylib
0x0000000020f02000 	/usr/lib/libapple_nghttp2.dylib
0x0000000020f02000 	/usr/lib/libpcap.A.dylib
0x0000000020f02000 	/System/Library/Frameworks/CoreServices.framework/Versions/A/Frameworks/FSEvents.framework/Versions/A/FSEvents
0x0000000020f02000 	/System/Library/Frameworks/CoreServices.framework/Versions/A/Frameworks/CarbonCore.framework/Versions/A/CarbonCore
0x0000000020f02000 	/System/Library/Frameworks/CoreServices.framework/Versions/A/Frameworks/Metadata.framework/Versions/A/Metadata
0x0000000020f02000 	/System/Library/Frameworks/CoreServices.framework/Versions/A/Frameworks/OSServices.framework/Versions/A/OSServices
0x0000000020f02000 	/System/Library/Frameworks/CoreServices.framework/Versions/A/Frameworks/SearchKit.framework/Versions/A/SearchKit
0x0000000020f02000 	/System/Library/Frameworks/CoreServices.framework/Versions/A/Frameworks/AE.framework/Versions/A/AE
0x0000000020f02000 	/System/Library/Frameworks/CoreServices.framework/Versions/A/Frameworks/LaunchServices.framework/Versions/A/LaunchServices
0x0000000020f02000 	/System/Library/Frameworks/CoreServices.framework/Versions/A/Frameworks/DictionaryServices.framework/Versions/A/DictionaryServices
0x0000000020f02000 	/System/Library/Frameworks/CoreServices.framework/Versions/A/Frameworks/SharedFileList.framework/Versions/A/SharedFileList
0x0000000020f02000 	/System/Library/Frameworks/NetFS.framework/Versions/A/NetFS
0x0000000020f02000 	/System/Library/PrivateFrameworks/NetAuth.framework/Versions/A/NetAuth
0x0000000020f02000 	/System/Library/PrivateFrameworks/login.framework/Versions/A/Frameworks/loginsupport.framework/Versions/A/loginsupport
0x0000000020f02000 	/System/Library/PrivateFrameworks/TCC.framework/Versions/A/TCC
0x0000000020f02000 	/System/Library/PrivateFrameworks/CoreNLP.framework/Versions/A/CoreNLP
0x0000000020f02000 	/System/Library/PrivateFrameworks/MetadataUtilities.framework/Versions/A/MetadataUtilities
0x0000000020f02000 	/usr/lib/libmecabra.dylib
0x0000000020f02000 	/System/Library/Frameworks/ApplicationServices.framework/Versions/A/Frameworks/ATS.framework/Versions/A/ATS
0x0000000020f02000 	/System/Library/Frameworks/ApplicationServices.framework/Versions/A/Frameworks/ColorSyncLegacy.framework/Versions/A/ColorSyncLegacy
0x0000000020f02000 	/System/Library/Frameworks/ApplicationServices.framework/Versions/A/Frameworks/HIServices.framework/Versions/A/HIServices
0x0000000020f02000 	/System/Library/Frameworks/ApplicationServices.framework/Versions/A/Frameworks/LangAnalysis.framework/Versions/A/LangAnalysis
0x0000000020f02000 	/System/Library/Frameworks/ApplicationServices.framework/Versions/A/Frameworks/PrintCore.framework/Versions/A/PrintCore
0x0000000020f02000 	/System/Library/Frameworks/ApplicationServices.framework/Versions/A/Frameworks/QD.framework/Versions/A/QD
0x0000000020f02000 	/System/Library/Frameworks/ApplicationServices.framework/Versions/A/Frameworks/SpeechSynthesis.framework/Versions/A/SpeechSynthesis
0x0000000020f02000 	/usr/lib/libcompression.dylib
0x0000000020f02000 	/System/Library/Frameworks/CoreDisplay.framework/Versions/A/CoreDisplay
0x0000000020f02000 	/System/Library/Frameworks/MetalPerformanceShaders.framework/Versions/A/MetalPerformanceShaders
0x0000000020f02000 	/System/Library/Frameworks/Accelerate.framework/Versions/A/Frameworks/vImage.framework/Versions/A/vImage
0x0000000020f02000 	/System/Library/Frameworks/Accelerate.framework/Versions/A/Frameworks/vecLib.framework/Versions/A/vecLib
0x0000000020f02000 	/System/Library/Frameworks/Accelerate.framework/Versions/A/Frameworks/vecLib.framework/Versions/A/libvMisc.dylib
0x0000000020f02000 	/System/Library/Frameworks/Accelerate.framework/Versions/A/Frameworks/vecLib.framework/Versions/A/libvDSP.dylib
0x0000000020f02000 	/System/Library/Frameworks/Accelerate.framework/Versions/A/Frameworks/vecLib.framework/Versions/A/libBLAS.dylib
0x0000000020f02000 	/System/Library/Frameworks/Accelerate.framework/Versions/A/Frameworks/vecLib.framework/Versions/A/libLAPACK.dylib
0x0000000020f02000 	/System/Library/Frameworks/Accelerate.framework/Versions/A/Frameworks/vecLib.framework/Versions/A/libLinearAlgebra.dylib
0x0000000020f02000 	/System/Library/Frameworks/Accelerate.framework/Versions/A/Frameworks/vecLib.framework/Versions/A/libSparseBLAS.dylib
0x0000000020f02000 	/System/Library/Frameworks/Accelerate.framework/Versions/A/Frameworks/vecLib.framework/Versions/A/libQuadrature.dylib
0x0000000020f02000 	/System/Library/Frameworks/Accelerate.framework/Versions/A/Frameworks/vecLib.framework/Versions/A/libBNNS.dylib
0x0000000020f02000 	/System/Library/Frameworks/Accelerate.framework/Versions/A/Frameworks/vecLib.framework/Versions/A/libSparse.dylib
0x0000000020f02000 	/System/Library/PrivateFrameworks/GPUWrangler.framework/Versions/A/GPUWrangler
0x0000000020f02000 	/System/Library/PrivateFrameworks/IOAccelerator.framework/Versions/A/IOAccelerator
0x0000000020f02000 	/System/Library/PrivateFrameworks/IOPresentment.framework/Versions/A/IOPresentment
0x0000000020f02000 	/System/Library/PrivateFrameworks/DSExternalDisplay.framework/Versions/A/DSExternalDisplay
0x0000000020f02000 	/System/Library/Frameworks/OpenGL.framework/Versions/A/Libraries/libCoreFSCache.dylib
0x0000000020f02000 	/System/Library/Frameworks/MetalPerformanceShaders.framework/Frameworks/MPSCore.framework/Versions/A/MPSCore
0x0000000020f02000 	/System/Library/Frameworks/MetalPerformanceShaders.framework/Frameworks/MPSImage.framework/Versions/A/MPSImage
0x0000000020f02000 	/System/Library/Frameworks/MetalPerformanceShaders.framework/Frameworks/MPSNeuralNetwork.framework/Versions/A/MPSNeuralNetwork
0x0000000020f02000 	/System/Library/Frameworks/MetalPerformanceShaders.framework/Frameworks/MPSMatrix.framework/Versions/A/MPSMatrix
0x0000000020f02000 	/System/Library/Frameworks/MetalPerformanceShaders.framework/Frameworks/MPSRayIntersector.framework/Versions/A/MPSRayIntersector
0x0000000020f02000 	/System/Library/PrivateFrameworks/MetalTools.framework/Versions/A/MetalTools
0x0000000020f02000 	/System/Library/PrivateFrameworks/AggregateDictionary.framework/Versions/A/AggregateDictionary
0x0000000020f02000 	/usr/lib/libMobileGestalt.dylib
0x0000000020f02000 	/System/Library/Frameworks/CoreVideo.framework/Versions/A/CoreVideo
0x0000000020f02000 	/System/Library/PrivateFrameworks/GraphVisualizer.framework/Versions/A/GraphVisualizer
0x0000000020f02000 	/System/Library/PrivateFrameworks/FaceCore.framework/Versions/A/FaceCore
0x0000000020f02000 	/System/Library/Frameworks/OpenCL.framework/Versions/A/OpenCL
0x0000000020f02000 	/usr/lib/libFosl_dynamic.dylib
0x0000000020f02000 	/System/Library/PrivateFrameworks/OTSVG.framework/Versions/A/OTSVG
0x0000000020f02000 	/System/Library/Frameworks/ApplicationServices.framework/Versions/A/Frameworks/ATS.framework/Versions/A/Resources/libFontParser.dylib
0x0000000020f02000 	/System/Library/Frameworks/ApplicationServices.framework/Versions/A/Frameworks/ATS.framework/Versions/A/Resources/libFontRegistry.dylib
0x0000000020f02000 	/System/Library/Frameworks/ImageIO.framework/Versions/A/Resources/libJPEG.dylib
0x0000000020f02000 	/System/Library/Frameworks/ImageIO.framework/Versions/A/Resources/libTIFF.dylib
0x0000000020f02000 	/System/Library/Frameworks/ImageIO.framework/Versions/A/Resources/libPng.dylib
0x0000000020f02000 	/System/Library/Frameworks/ImageIO.framework/Versions/A/Resources/libGIF.dylib
0x0000000020f02000 	/System/Library/Frameworks/ImageIO.framework/Versions/A/Resources/libJP2.dylib
0x0000000020f02000 	/System/Library/Frameworks/ImageIO.framework/Versions/A/Resources/libRadiance.dylib
0x0000000020f02000 	/System/Library/PrivateFrameworks/AppleJPEG.framework/Versions/A/AppleJPEG
0x0000000020f02000 	/System/Library/Frameworks/OpenGL.framework/Versions/A/Libraries/libGFXShared.dylib
0x0000000020f02000 	/System/Library/Frameworks/OpenGL.framework/Versions/A/Libraries/libGLU.dylib
0x0000000020f02000 	/System/Library/Frameworks/OpenGL.framework/Versions/A/Libraries/libGL.dylib
0x0000000020f02000 	/System/Library/Frameworks/OpenGL.framework/Versions/A/Libraries/libGLImage.dylib
0x0000000020f02000 	/System/Library/Frameworks/OpenGL.framework/Versions/A/Libraries/libCVMSPluginSupport.dylib
0x0000000020f02000 	/System/Library/Frameworks/OpenGL.framework/Versions/A/Libraries/libCoreVMClient.dylib
0x0000000020f02000 	/usr/lib/libcups.2.dylib
0x0000000020f02000 	/System/Library/Frameworks/Kerberos.framework/Versions/A/Kerberos
0x0000000020f02000 	/System/Library/Frameworks/GSS.framework/Versions/A/GSS
0x0000000020f02000 	/usr/lib/libresolv.9.dylib
0x0000000020f02000 	/usr/lib/libiconv.2.dylib
0x0000000020f02000 	/System/Library/PrivateFrameworks/Heimdal.framework/Versions/A/Heimdal
0x0000000020f02000 	/usr/lib/libheimdal-asn1.dylib
0x0000000020f02000 	/System/Library/Frameworks/OpenDirectory.framework/Versions/A/OpenDirectory
0x0000000020f02000 	/System/Library/PrivateFrameworks/CommonAuth.framework/Versions/A/CommonAuth
0x0000000020f02000 	/System/Library/Frameworks/OpenDirectory.framework/Versions/A/Frameworks/CFOpenDirectory.framework/Versions/A/CFOpenDirectory
0x0000000020f02000 	/System/Library/Frameworks/SecurityFoundation.framework/Versions/A/SecurityFoundation
0x0000000020f02000 	/System/Library/PrivateFrameworks/APFS.framework/Versions/A/APFS
0x0000000020f02000 	/usr/lib/libutil.dylib
0x0000000020f02000 	/usr/lib/libcharset.1.dylib
0x0000000020f02000 	/System/Library/PrivateFrameworks/AppleSauce.framework/Versions/A/AppleSauce
0x0000000020f02000 	/System/Library/PrivateFrameworks/AssertionServices.framework/Versions/A/AssertionServices
0x0000000020f02000 	/System/Library/PrivateFrameworks/BaseBoard.framework/Versions/A/BaseBoard
0x0000000020f02000 	/usr/lib/libmecab.1.0.0.dylib
0x0000000020f02000 	/usr/lib/libgermantok.dylib
0x0000000020f02000 	/usr/lib/libThaiTokenizer.dylib
0x0000000020f02000 	/usr/lib/libChineseTokenizer.dylib
0x0000000020f02000 	/System/Library/PrivateFrameworks/LanguageModeling.framework/Versions/A/LanguageModeling
0x0000000020f02000 	/System/Library/PrivateFrameworks/CoreEmoji.framework/Versions/A/CoreEmoji
0x0000000020f02000 	/System/Library/PrivateFrameworks/Lexicon.framework/Versions/A/Lexicon
0x0000000020f02000 	/System/Library/PrivateFrameworks/LinguisticData.framework/Versions/A/LinguisticData
0x0000000020f02000 	/usr/lib/libcmph.dylib
0x0000000020f02000 	/System/Library/Frameworks/ServiceManagement.framework/Versions/A/ServiceManagement
0x0000000020f02000 	/System/Library/PrivateFrameworks/BackgroundTaskManagement.framework/Versions/A/BackgroundTaskManagement
0x0000000020f02000 	/usr/lib/libxslt.1.dylib
0x0000000020f02000 	/System/Library/Frameworks/Carbon.framework/Versions/A/Frameworks/Ink.framework/Versions/A/Ink
0x0000000020f02000 	/System/Library/PrivateFrameworks/TextureIO.framework/Versions/A/TextureIO
0x0000000020f02000 	/usr/lib/libate.dylib
0x0000000020f02000 	/System/Library/PrivateFrameworks/CrashReporterSupport.framework/Versions/A/CrashReporterSupport
0x0000000020f02000 	/System/Library/PrivateFrameworks/Sharing.framework/Versions/A/Sharing
0x0000000020f02000 	/System/Library/PrivateFrameworks/AuthKit.framework/Versions/A/AuthKit
0x0000000020f02000 	/System/Library/PrivateFrameworks/Apple80211.framework/Versions/A/Apple80211
0x0000000020f02000 	/System/Library/PrivateFrameworks/CoreUtils.framework/Versions/A/CoreUtils
0x0000000020f02000 	/System/Library/Frameworks/CoreWLAN.framework/Versions/A/CoreWLAN
0x0000000020f02000 	/System/Library/Frameworks/IOBluetooth.framework/Versions/A/IOBluetooth
0x0000000020f02000 	/System/Library/PrivateFrameworks/ProtocolBuffer.framework/Versions/A/ProtocolBuffer
0x0000000020f02000 	/System/Library/PrivateFrameworks/MobileKeyBag.framework/Versions/A/MobileKeyBag
0x0000000020f02000 	/System/Library/PrivateFrameworks/CorePhoneNumbers.framework/Versions/A/CorePhoneNumbers
0x0000000020f02000 	/System/Library/PrivateFrameworks/AppleIDAuthSupport.framework/Versions/A/AppleIDAuthSupport
0x0000000020f02000 	/System/Library/PrivateFrameworks/KeychainCircle.framework/Versions/A/KeychainCircle
0x0000000020f02000 	/System/Library/PrivateFrameworks/ROCKit.framework/Versions/A/ROCKit
0x0000000020f02000 	/System/Library/PrivateFrameworks/CoreWiFi.framework/Versions/A/CoreWiFi
0x0000000020f02000 	/System/Library/Frameworks/CoreBluetooth.framework/Versions/A/CoreBluetooth
0x0000000020f02000 	/System/Library/PrivateFrameworks/DebugSymbols.framework/Versions/A/DebugSymbols
0x0000000020f02000 	/System/Library/PrivateFrameworks/CoreSymbolication.framework/Versions/A/CoreSymbolication
0x0000000020f02000 	/System/Library/PrivateFrameworks/Symbolication.framework/Versions/A/Symbolication
0x0000000020f02000 	/System/Library/PrivateFrameworks/SpeechRecognitionCore.framework/Versions/A/SpeechRecognitionCore
0x0000000102a00000 	/Library/Java/JavaVirtualMachines/jdk1.8.0_162.jdk/Contents/Home/jre/lib/server/libjvm.dylib
0x0000000020f02000 	/usr/lib/libstdc++.6.dylib
0x0000000101925000 	/Library/Java/JavaVirtualMachines/jdk1.8.0_162.jdk/Contents/Home/jre/lib/libverify.dylib
0x0000000101933000 	/Library/Java/JavaVirtualMachines/jdk1.8.0_162.jdk/Contents/Home/jre/lib/libjava.dylib
0x00000001019b3000 	/Library/Java/JavaVirtualMachines/jdk1.8.0_162.jdk/Contents/Home/jre/lib/libzip.dylib
0x000000011f1f3000 	/Library/Java/JavaVirtualMachines/jdk1.8.0_162.jdk/Contents/Home/jre/lib/libnio.dylib
0x000000011f203000 	/Library/Java/JavaVirtualMachines/jdk1.8.0_162.jdk/Contents/Home/jre/lib/./libnet.dylib
0x000000011efbf000 	/Users/yassine/Library/Caches/JNA/temp/jna3874057122236909098.tmp
0x000000011ee5e000 	/private/var/folders/j9/bbxl5cjj6kq74d1z5bb06pc40000gp/T/swoval-jni/6922957607686589190-libswoval-files0.dylib
0x0000000020f02000 	/System/Library/Frameworks/Carbon.framework/Versions/A/Carbon
0x0000000020f02000 	/System/Library/Frameworks/Carbon.framework/Versions/A/Frameworks/CommonPanels.framework/Versions/A/CommonPanels
0x0000000020f02000 	/System/Library/Frameworks/Carbon.framework/Versions/A/Frameworks/Help.framework/Versions/A/Help
0x0000000020f02000 	/System/Library/Frameworks/Carbon.framework/Versions/A/Frameworks/ImageCapture.framework/Versions/A/ImageCapture
0x0000000020f02000 	/System/Library/Frameworks/Carbon.framework/Versions/A/Frameworks/OpenScripting.framework/Versions/A/OpenScripting
0x0000000020f02000 	/System/Library/Frameworks/Carbon.framework/Versions/A/Frameworks/Print.framework/Versions/A/Print
0x0000000020f02000 	/System/Library/Frameworks/Carbon.framework/Versions/A/Frameworks/SecurityHI.framework/Versions/A/SecurityHI
0x000000011eeed000 	/Library/Java/JavaVirtualMachines/jdk1.8.0_162.jdk/Contents/Home/jre/lib/libmanagement.dylib
0x000000011ef87000 	/Library/Java/JavaVirtualMachines/jdk1.8.0_162.jdk/Contents/Home/jre/lib/libsunec.dylib

VM Arguments:
jvm_args: -Xss4m -Xms100m -Dmetals.client=vscode 
java_command: scala.meta.metals.Main
java_class_path (initial): /Users/yassine/Library/Caches/Coursier/v1/https/repo1.maven.org/maven2/com/thoughtworks/qdox/qdox/2.0.0/qdox-2.0.0.jar:/Users/yassine/Library/Caches/Coursier/v1/https/repo1.maven.org/maven2/ch/epfl/scala/scalafix-interfaces/0.9.25/scalafix-interfaces-0.9.25.jar:/Users/yassine/Library/Caches/Coursier/v1/https/repo1.maven.org/maven2/com/typesafe/config/1.4.0/config-1.4.0.jar:/Users/yassine/Library/Caches/Coursier/v1/https/repo1.maven.org/maven2/org/jboss/threads/jboss-threads/3.1.0.Final/jboss-threads-3.1.0.Final.jar:/Users/yassine/Library/Caches/Coursier/v1/https/repo1.maven.org/maven2/org/scalameta/mtags-interfaces/0.10.0/mtags-interfaces-0.10.0.jar:/Users/yassine/Library/Caches/Coursier/v1/https/repo1.maven.org/maven2/com/lihaoyi/upickle-core_2.12/1.2.3/upickle-core_2.12-1.2.3.jar:/Users/yassine/Library/Caches/Coursier/v1/https/repo1.maven.org/maven2/com/h2database/h2/1.4.200/h2-1.4.200.jar:/Users/yassine/Library/Caches/Coursier/v1/https/repo1.maven.org/maven2/com/google/protobuf/protobuf-java/3.11.4/protobuf-java-3.11.4.jar:/Users/yassine/Library/Caches/Coursier/v1/https/repo1.maven.org/maven2/org/flywaydb/flyway-core/7.5.3/flyway-core-7.5.3.jar:/Users/yassine/Library/Caches/Coursier/v1/https/repo1.maven.org/maven2/org/scalameta/fastparse-utils_2.12/1.0.1/fastparse-utils_2.12-1.0.1.jar:/Users/yassine/Library/Caches/Coursier/v1/https/repo1.maven.org/maven2/org/scala-lang/scala-library/2.12.13/scala-library-2.12.13.jar:/Users/yassine/Library/Caches/Coursier/v1/https/repo1.maven.org/maven2/org/scala-lang/modules/scala-xml_2.12/1.2.0/scala-xml_2.12-1.2.0.jar:/Users/yassine/Library/Caches/Coursier/v1/https/repo1.maven.org/maven2/com/thesamet/scalapb/scalapb-runtime_2.12/0.10.11/scalapb-runtime_2.12-0.10.11.jar:/Users/yassine/Library/Caches/Coursier/v1/https/repo1.maven.org/maven2/com/outr/perfolation_2.12/1.2.4/perfolation_2.12-1.2.4.jar:/Users/yassine/Library/Caches/Coursier/v1/https/repo1.maven.org/maven2/com/lihaoyi/ujson_2.12/1.2.3/ujso
Launcher Type: SUN_STANDARD

Environment Variables:
JAVA_HOME=/Library/Java/JavaVirtualMachines/jdk1.8.0_162.jdk/Contents/Home
PATH=/Users/yassine/.nvm/versions/node/v8.17.0/bin:/usr/local/opt/postgresql@11/bin:/usr/bin:/bin:/usr/sbin:/sbin:/usr/local/bin:/Applications/VMware Fusion.app/Contents/Public
SHELL=/bin/zsh

Signal Handlers:
SIGSEGV: [libjvm.dylib+0x5b52b5], sa_mask[0]=11111111011111110111111111111111, sa_flags=SA_ONSTACK|SA_RESTART|SA_SIGINFO
SIGBUS: [libjvm.dylib+0x5b52b5], sa_mask[0]=11111111011111110111111111111111, sa_flags=SA_RESTART|SA_SIGINFO
SIGFPE: [libjvm.dylib+0x48ac5c], sa_mask[0]=11111111011111110111111111111111, sa_flags=SA_RESTART|SA_SIGINFO
SIGPIPE: [libjvm.dylib+0x48ac5c], sa_mask[0]=11111111011111110111111111111111, sa_flags=SA_RESTART|SA_SIGINFO
SIGXFSZ: [libjvm.dylib+0x48ac5c], sa_mask[0]=11111111011111110111111111111111, sa_flags=SA_RESTART|SA_SIGINFO
SIGILL: [libjvm.dylib+0x48ac5c], sa_mask[0]=11111111011111110111111111111111, sa_flags=SA_RESTART|SA_SIGINFO
SIGUSR1: SIG_DFL, sa_mask[0]=00000000000000000000000000000000, sa_flags=SA_RESTART
SIGUSR2: SIG_IGN, sa_mask[0]=00000000000000000000000000000000, sa_flags=SA_RESTART
SIGHUP: [libjvm.dylib+0x488d45], sa_mask[0]=11111111011111110111111111111111, sa_flags=SA_RESTART|SA_SIGINFO
SIGINT: [libjvm.dylib+0x488d45], sa_mask[0]=11111111011111110111111111111111, sa_flags=SA_RESTART|SA_SIGINFO
SIGTERM: [libjvm.dylib+0x488d45], sa_mask[0]=11111111011111110111111111111111, sa_flags=SA_RESTART|SA_SIGINFO
SIGQUIT: [libjvm.dylib+0x488d45], sa_mask[0]=11111111011111110111111111111111, sa_flags=SA_RESTART|SA_SIGINFO


---------------  S Y S T E M  ---------------

OS:Bsduname:Darwin 18.2.0 Darwin Kernel Version 18.2.0: Thu Dec 20 20:46:53 PST 2018; root:xnu-4903.241.1~1/RELEASE_X86_64 x86_64
rlimit: STACK 8192k, CORE 0k, NPROC 1418, NOFILE 10240, AS infinity
load average:2,20 3,02 3,37

CPU:total 8 (initial active 8) (4 cores per cpu, 2 threads per core) family 6 model 58 stepping 9, cmov, cx8, fxsr, mmx, sse, sse2, sse3, ssse3, sse4.1, sse4.2, popcnt, avx, aes, clmul, erms, ht, tsc, tscinvbit, tscinv

Memory: 4k page, physical 16777216k(847008k free)

/proc/meminfo:


vm_info: Java HotSpot(TM) 64-Bit Server VM (25.162-b12) for bsd-amd64 JRE (1.8.0_162-b12), built on Dec 19 2017 17:33:35 by "java_re" with gcc 4.2.1 (Based on Apple Inc. build 5658) (LLVM build 2336.11.00)

time: Sun Mar  7 09:35:46 2021
elapsed time: 424803 seconds (4d 22h 0m 3s)

